<?xml version="1.0" encoding="UTF-8"?>
<!-- Generated by org.testng.reporters.JUnitReportReporter -->
<testsuite hostname="DESKTOP-D0HSU3C" failures="0" tests="4" name="loginPage.LoginPage" time="35.736" errors="0" timestamp="2023-01-18T17:47:58 IST" skipped="0">
  <testcase classname="loginPage.LoginPage" name="TestSuccessfulLogin" time="6.894"/>
  <system-out/>
  <testcase classname="loginPage.LoginPage" name="TestFailedLogin" time="13.866"/>
  <system-out/>
  <testcase classname="loginPage.LoginPage" name="TestFailedLogin2" time="8.296"/>
  <system-out/>
  <testcase classname="loginPage.LoginPage" name="TestFailedLogin1" time="6.680"/>
  <system-out/>
</testsuite> <!-- loginPage.LoginPage -->
